<?xml version="1.0" encoding="UTF-8"?>
<!-- Generated by org.testng.reporters.JUnitReportReporter -->
<testsuite hostname="DESKTOP-IS6DLKP" failures="0" tests="1" name="DEMO.GITPRA" time="0.016" errors="0" timestamp="2023-08-03T19:42:16 IST" skipped="0">
  <testcase classname="DEMO.GITPRA" name="sample" time="0.016"/>
</testsuite> <!-- DEMO.GITPRA -->
